/*C2*/SET SCHEMA PUBLIC
DELETE FROM DATABASECHANGELOGLOCK WHERE ID=1
INSERT INTO DATABASECHANGELOGLOCK VALUES(1,FALSE,NULL,NULL)
COMMIT
DELETE FROM FLW_EV_DATABASECHANGELOGLOCK WHERE ID=1
INSERT INTO FLW_EV_DATABASECHANGELOGLOCK VALUES(1,FALSE,NULL,NULL)
COMMIT
DELETE FROM ACT_DMN_DATABASECHANGELOGLOCK WHERE ID=1
INSERT INTO ACT_DMN_DATABASECHANGELOGLOCK VALUES(1,FALSE,NULL,NULL)
COMMIT
DELETE FROM ORD_ORDER WHERE ID=101
INSERT INTO ORD_ORDER VALUES(101,'daf308d5-7472-70f3-203f-2b5417f26b89',NULL,'bla-bla',NULL,NULL,NULL,'POINT (2.641114614683319 48.85607940930845)',NULL)
COMMIT
/*C11*/SET SCHEMA PUBLIC
DISCONNECT
/*C9*/SET SCHEMA PUBLIC
DISCONNECT
/*C7*/SET SCHEMA PUBLIC
DISCONNECT
/*C3*/SET SCHEMA PUBLIC
DISCONNECT
/*C6*/SET SCHEMA PUBLIC
DISCONNECT
/*C10*/SET SCHEMA PUBLIC
DISCONNECT
/*C8*/SET SCHEMA PUBLIC
DISCONNECT
/*C5*/SET SCHEMA PUBLIC
DISCONNECT
/*C2*/DISCONNECT
/*C4*/SET SCHEMA PUBLIC
DISCONNECT
